Node: 1377  TN_INPAD_SOURCE Block #27 (c)
Pin: inpad.inpad[0] pb (c)T_arr: 0  T_req: -2.41034e-09  Tdel: 0
Internal Net: #7 (c).  Pins on net: 8.

Node: 1376  TN_INPAD_OPIN Block #27 (c)
Pin: inpad.inpad[0] pb (c)
T_arr: 0  T_req: -2.41034e-09  Tdel: 4.243e-11
Internal Net: #7 (c).  Pins on net: 8.

Node: 1375  TN_CB_OPIN Block #27 (c)
Pin: io.inpad[0] pb (c)
T_arr: 4.243e-11  T_req: -2.36791e-09  Tdel: 3.76155e-10
External-to-Block Net: #42 (c).  Pins on net: 6.

Node: 1404  TN_CB_IPIN Block #30 ([201])
Pin: clb.I[38] pb ([201])
T_arr: 4.18585e-10  T_req: -1.99175e-09  Tdel: 9.5e-11
Internal Net: #7 (c).  Pins on net: 8.

Node: 1639  TN_INTERMEDIATE_NODE Block #30 ([201])
Pin: fle.in[1] pb ([201])
T_arr: 5.13585e-10  T_req: -1.89675e-09  Tdel: 0
Internal Net: #7 (c).  Pins on net: 8.

Node: 1644  TN_INTERMEDIATE_NODE Block #30 ([201])
Pin: ble6.in[1] pb ([201])
T_arr: 5.13585e-10  T_req: -1.89675e-09  Tdel: 0
Internal Net: #7 (c).  Pins on net: 8.

Node: 1649  TN_INTERMEDIATE_NODE Block #30 ([201])
Pin: lut6.in[1] pb ([201])
T_arr: 5.13585e-10  T_req: -1.89675e-09  Tdel: 0
Internal Net: #7 (c).  Pins on net: 8.

Node: 1654  TN_PRIMITIVE_IPIN Block #30 ([201])
Pin: lut.in[1] pb ([201])
T_arr: 5.13585e-10  T_req: -1.89675e-09  Tdel: 2.61e-10
Internal Net: #7 (c).  Pins on net: 8.

Node: 1657  TN_PRIMITIVE_OPIN Block #30 ([201])
Pin: lut.out[0] pb ([201])
T_arr: 7.74585e-10  T_req: -1.63575e-09  Tdel: 0
Internal Net: #261 ([201]).  Pins on net: 17.

Node: 1652  TN_INTERMEDIATE_NODE Block #30 ([201])
Pin: lut6.out[0] pb ([201])
T_arr: 7.74585e-10  T_req: -1.63575e-09  Tdel: 2.5e-11
Internal Net: #261 ([201]).  Pins on net: 17.

Node: 1647  TN_INTERMEDIATE_NODE Block #30 ([201])
Pin: ble6.out[0] pb ([201])
T_arr: 7.99585e-10  T_req: -1.61075e-09  Tdel: 0
Internal Net: #261 ([201]).  Pins on net: 17.

Node: 1642  TN_INTERMEDIATE_NODE Block #30 ([201])
Pin: fle.out[0] pb ([201])
T_arr: 7.99585e-10  T_req: -1.61075e-09  Tdel: 0
Internal Net: #261 ([201]).  Pins on net: 17.

Node: 1409  TN_CB_OPIN Block #30 ([201])
Pin: clb.O[9] pb ([201])
T_arr: 7.99585e-10  T_req: -1.61075e-09  Tdel: 2.07999e-10
External-to-Block Net: #87 ([201]).  Pins on net: 7.

Node: 3324  TN_CB_IPIN Block #57 ([1721])
Pin: clb.I[20] pb ([1721])
T_arr: 1.00758e-09  T_req: -1.40275e-09  Tdel: 9.5e-11
Internal Net: #261 ([201]).  Pins on net: 17.

Node: 3576  TN_INTERMEDIATE_NODE Block #57 ([1721])
Pin: fle.in[4] pb ([1721])
T_arr: 1.10258e-09  T_req: -1.30775e-09  Tdel: 0
Internal Net: #261 ([201]).  Pins on net: 17.

Node: 3583  TN_INTERMEDIATE_NODE Block #57 ([1721])
Pin: ble6.in[4] pb ([1721])
T_arr: 1.10258e-09  T_req: -1.30775e-09  Tdel: 0
Internal Net: #261 ([201]).  Pins on net: 17.

Node: 3590  TN_INTERMEDIATE_NODE Block #57 ([1721])
Pin: lut6.in[4] pb ([1721])
T_arr: 1.10258e-09  T_req: -1.30775e-09  Tdel: 0
Internal Net: #261 ([201]).  Pins on net: 17.

Node: 3597  TN_PRIMITIVE_IPIN Block #57 ([1721])
Pin: lut.in[4] pb ([1721])
T_arr: 1.10258e-09  T_req: -1.30775e-09  Tdel: 2.61e-10
Internal Net: #261 ([201]).  Pins on net: 17.

Node: 3599  TN_PRIMITIVE_OPIN Block #57 ([1721])
Pin: lut.out[0] pb ([1721])
T_arr: 1.36358e-09  T_req: -1.04675e-09  Tdel: 0
Internal Net: #250 ([1721]).  Pins on net: 2.

Node: 3592  TN_INTERMEDIATE_NODE Block #57 ([1721])
Pin: lut6.out[0] pb ([1721])
T_arr: 1.36358e-09  T_req: -1.04675e-09  Tdel: 2.5e-11
Internal Net: #250 ([1721]).  Pins on net: 2.

Node: 3585  TN_INTERMEDIATE_NODE Block #57 ([1721])
Pin: ble6.out[0] pb ([1721])
T_arr: 1.38858e-09  T_req: -1.02175e-09  Tdel: 0
Internal Net: #250 ([1721]).  Pins on net: 2.

Node: 3578  TN_INTERMEDIATE_NODE Block #57 ([1721])
Pin: fle.out[0] pb ([1721])
T_arr: 1.38858e-09  T_req: -1.02175e-09  Tdel: 0
Internal Net: #250 ([1721]).  Pins on net: 2.

Node: 3339  TN_CB_OPIN Block #57 ([1721])
Pin: clb.O[9] pb ([1721])
T_arr: 1.38858e-09  T_req: -1.02175e-09  Tdel: 2.07999e-10
External-to-Block Net: #125 ([1721]).  Pins on net: 2.

Node: 2243  TN_CB_IPIN Block #53 (txwrd9_p)
Pin: clb.I[33] pb (txwrd9_p)
T_arr: 1.59658e-09  T_req: -8.13755e-10  Tdel: 9.5e-11
Internal Net: #250 ([1721]).  Pins on net: 2.

Node: 2255  TN_INTERMEDIATE_NODE Block #53 (txwrd9_p)
Pin: fle.in[4] pb (txwrd7_p)
T_arr: 1.69158e-09  T_req: -7.18755e-10  Tdel: 0
Internal Net: #250 ([1721]).  Pins on net: 2.

Node: 2261  TN_INTERMEDIATE_NODE Block #53 (txwrd9_p)
Pin: ble6.in[4] pb (txwrd7_p)
T_arr: 1.69158e-09  T_req: -7.18755e-10  Tdel: 0
Internal Net: #250 ([1721]).  Pins on net: 2.

Node: 2267  TN_INTERMEDIATE_NODE Block #53 (txwrd9_p)
Pin: lut6.in[4] pb (txwrd7_p)
T_arr: 1.69158e-09  T_req: -7.18755e-10  Tdel: 0
Internal Net: #250 ([1721]).  Pins on net: 2.

Node: 2273  TN_PRIMITIVE_IPIN Block #53 (txwrd9_p)
Pin: lut.in[4] pb (txwrd7_p)
T_arr: 1.69158e-09  T_req: -7.18755e-10  Tdel: 2.61e-10
Internal Net: #250 ([1721]).  Pins on net: 2.

Node: 2274  TN_PRIMITIVE_OPIN Block #53 (txwrd9_p)
Pin: lut.out[0] pb (txwrd7_p)
T_arr: 1.95258e-09  T_req: -4.57755e-10  Tdel: 0
Internal Net: #158 (txwrd7_p).  Pins on net: 2.

Node: 2268  TN_INTERMEDIATE_NODE Block #53 (txwrd9_p)
Pin: lut6.out[0] pb (txwrd7_p)
T_arr: 1.95258e-09  T_req: -4.57755e-10  Tdel: 2.5e-11
Internal Net: #158 (txwrd7_p).  Pins on net: 2.

Node: 2262  TN_INTERMEDIATE_NODE Block #53 (txwrd9_p)
Pin: ble6.out[0] pb (txwrd7_p)
T_arr: 1.97758e-09  T_req: -4.32755e-10  Tdel: 0
Internal Net: #158 (txwrd7_p).  Pins on net: 2.

Node: 2256  TN_INTERMEDIATE_NODE Block #53 (txwrd9_p)
Pin: fle.out[0] pb (txwrd7_p)
T_arr: 1.97758e-09  T_req: -4.32755e-10  Tdel: 0
Internal Net: #158 (txwrd7_p).  Pins on net: 2.

Node: 2248  TN_CB_OPIN Block #53 (txwrd9_p)
Pin: clb.O[0] pb (txwrd9_p)
T_arr: 1.97758e-09  T_req: -4.32755e-10  Tdel: 4.18815e-10
External-to-Block Net: #98 (txwrd7_p).  Pins on net: 2.

Node: 1709  TN_CB_IPIN Block #48 (out:txwrd7_p)
Pin: io.outpad[0] pb (out:txwrd7_p)
T_arr: 2.3964e-09  T_req: -1.394e-11  Tdel: 1.394e-11
Internal Net: #158 (txwrd7_p).  Pins on net: 2.

Node: 1710  TN_OUTPAD_IPIN Block #48 (out:txwrd7_p)
Pin: outpad.outpad[0] pb (out:txwrd7_p)
T_arr: 2.41034e-09  T_req: 0  Tdel: 0
Internal Net: #158 (txwrd7_p).  Pins on net: 2.

Node: 1711  TN_OUTPAD_SINK Block #48 (out:txwrd7_p)
Pin: outpad.outpad[0] pb (out:txwrd7_p)T_arr: 2.41034e-09  T_req: 0  
Internal Net: #158 (txwrd7_p).  Pins on net: 2.


Tnodes on critical path: 36  Non-global nets on critical path: 4.
Global nets on critical path: 0.
Total logic delay: 1.19937e-09 (s)  Total net delay: 1.21097e-09 (s)
