Node: 593  TN_INPAD_SOURCE Block #7 (pj)
Pin: inpad.inpad[0] pb (pj)T_arr: 0  T_req: -4.11965e-09  Tdel: 0
Internal Net: #9 (pj).  Pins on net: 64.

Node: 592  TN_INPAD_OPIN Block #7 (pj)
Pin: inpad.inpad[0] pb (pj)
T_arr: 0  T_req: -4.11965e-09  Tdel: 4.243e-11
Internal Net: #9 (pj).  Pins on net: 64.

Node: 591  TN_CB_OPIN Block #7 (pj)
Pin: io.inpad[0] pb (pj)
T_arr: 4.243e-11  T_req: -4.07722e-09  Tdel: 3.20948e-10
External-to-Block Net: #16 (pj).  Pins on net: 15.

Node: 1677  TN_CB_IPIN Block #16 ([147])
Pin: clb.I[30] pb ([147])
T_arr: 3.63378e-10  T_req: -3.75627e-09  Tdel: 9.5e-11
Internal Net: #9 (pj).  Pins on net: 64.

Node: 1917  TN_INTERMEDIATE_NODE Block #16 ([147])
Pin: fle.in[5] pb ([147])
T_arr: 4.58378e-10  T_req: -3.66127e-09  Tdel: 0
Internal Net: #9 (pj).  Pins on net: 64.

Node: 1924  TN_INTERMEDIATE_NODE Block #16 ([147])
Pin: ble6.in[5] pb ([147])
T_arr: 4.58378e-10  T_req: -3.66127e-09  Tdel: 0
Internal Net: #9 (pj).  Pins on net: 64.

Node: 1931  TN_INTERMEDIATE_NODE Block #16 ([147])
Pin: lut6.in[5] pb ([147])
T_arr: 4.58378e-10  T_req: -3.66127e-09  Tdel: 0
Internal Net: #9 (pj).  Pins on net: 64.

Node: 1938  TN_PRIMITIVE_IPIN Block #16 ([147])
Pin: lut.in[5] pb ([147])
T_arr: 4.58378e-10  T_req: -3.66127e-09  Tdel: 2.61e-10
Internal Net: #9 (pj).  Pins on net: 64.

Node: 1939  TN_PRIMITIVE_OPIN Block #16 ([147])
Pin: lut.out[0] pb ([147])
T_arr: 7.19378e-10  T_req: -3.40027e-09  Tdel: 0
Internal Net: #88 ([147]).  Pins on net: 2.

Node: 1932  TN_INTERMEDIATE_NODE Block #16 ([147])
Pin: lut6.out[0] pb ([147])
T_arr: 7.19378e-10  T_req: -3.40027e-09  Tdel: 2.5e-11
Internal Net: #88 ([147]).  Pins on net: 2.

Node: 1925  TN_INTERMEDIATE_NODE Block #16 ([147])
Pin: ble6.out[0] pb ([147])
T_arr: 7.44378e-10  T_req: -3.37527e-09  Tdel: 0
Internal Net: #88 ([147]).  Pins on net: 2.

Node: 1918  TN_INTERMEDIATE_NODE Block #16 ([147])
Pin: fle.out[0] pb ([147])
T_arr: 7.44378e-10  T_req: -3.37527e-09  Tdel: 0
Internal Net: #88 ([147]).  Pins on net: 2.

Node: 1687  TN_CB_OPIN Block #16 ([147])
Pin: clb.O[9] pb ([147])
T_arr: 7.44378e-10  T_req: -3.37527e-09  Tdel: 2.07999e-10
External-to-Block Net: #63 ([147]).  Pins on net: 2.

Node: 885  TN_CB_IPIN Block #13 ([810])
Pin: clb.I[34] pb ([810])
T_arr: 9.52377e-10  T_req: -3.16728e-09  Tdel: 9.5e-11
Internal Net: #88 ([147]).  Pins on net: 2.

Node: 939  TN_INTERMEDIATE_NODE Block #13 ([810])
Pin: fle.in[3] pb ([697])
T_arr: 1.04738e-09  T_req: -3.07228e-09  Tdel: 0
Internal Net: #88 ([147]).  Pins on net: 2.

Node: 946  TN_INTERMEDIATE_NODE Block #13 ([810])
Pin: ble6.in[3] pb ([697])
T_arr: 1.04738e-09  T_req: -3.07228e-09  Tdel: 0
Internal Net: #88 ([147]).  Pins on net: 2.

Node: 953  TN_INTERMEDIATE_NODE Block #13 ([810])
Pin: lut6.in[3] pb ([697])
T_arr: 1.04738e-09  T_req: -3.07228e-09  Tdel: 0
Internal Net: #88 ([147]).  Pins on net: 2.

Node: 960  TN_PRIMITIVE_IPIN Block #13 ([810])
Pin: lut.in[3] pb ([697])
T_arr: 1.04738e-09  T_req: -3.07228e-09  Tdel: 2.61e-10
Internal Net: #88 ([147]).  Pins on net: 2.

Node: 963  TN_PRIMITIVE_OPIN Block #13 ([810])
Pin: lut.out[0] pb ([697])
T_arr: 1.30838e-09  T_req: -2.81128e-09  Tdel: 0
Internal Net: #47 ([697]).  Pins on net: 16.

Node: 956  TN_INTERMEDIATE_NODE Block #13 ([810])
Pin: lut6.out[0] pb ([697])
T_arr: 1.30838e-09  T_req: -2.81128e-09  Tdel: 2.5e-11
Internal Net: #47 ([697]).  Pins on net: 16.

Node: 949  TN_INTERMEDIATE_NODE Block #13 ([810])
Pin: ble6.out[0] pb ([697])
T_arr: 1.33338e-09  T_req: -2.78628e-09  Tdel: 0
Internal Net: #47 ([697]).  Pins on net: 16.

Node: 942  TN_INTERMEDIATE_NODE Block #13 ([810])
Pin: fle.out[0] pb ([697])
T_arr: 1.33338e-09  T_req: -2.78628e-09  Tdel: 0
Internal Net: #47 ([697]).  Pins on net: 16.

Node: 888  TN_CB_OPIN Block #13 ([810])
Pin: clb.O[2] pb ([810])
T_arr: 1.33338e-09  T_req: -2.78628e-09  Tdel: 1.8542e-10
External-to-Block Net: #39 ([697]).  Pins on net: 8.

Node: 603  TN_CB_IPIN Block #10 ([831])
Pin: clb.I[4] pb ([831])
T_arr: 1.5188e-09  T_req: -2.60086e-09  Tdel: 9.5e-11
Internal Net: #47 ([697]).  Pins on net: 16.

Node: 780  TN_INTERMEDIATE_NODE Block #10 ([831])
Pin: fle.in[3] pb ([720])
T_arr: 1.6138e-09  T_req: -2.50586e-09  Tdel: 0
Internal Net: #47 ([697]).  Pins on net: 16.

Node: 786  TN_INTERMEDIATE_NODE Block #10 ([831])
Pin: ble6.in[3] pb ([720])
T_arr: 1.6138e-09  T_req: -2.50586e-09  Tdel: 0
Internal Net: #47 ([697]).  Pins on net: 16.

Node: 792  TN_INTERMEDIATE_NODE Block #10 ([831])
Pin: lut6.in[3] pb ([720])
T_arr: 1.6138e-09  T_req: -2.50586e-09  Tdel: 0
Internal Net: #47 ([697]).  Pins on net: 16.

Node: 798  TN_PRIMITIVE_IPIN Block #10 ([831])
Pin: lut.in[3] pb ([720])
T_arr: 1.6138e-09  T_req: -2.50586e-09  Tdel: 2.61e-10
Internal Net: #47 ([697]).  Pins on net: 16.

Node: 800  TN_PRIMITIVE_OPIN Block #10 ([831])
Pin: lut.out[0] pb ([720])
T_arr: 1.8748e-09  T_req: -2.24486e-09  Tdel: 0
Internal Net: #61 ([720]).  Pins on net: 12.

Node: 794  TN_INTERMEDIATE_NODE Block #10 ([831])
Pin: lut6.out[0] pb ([720])
T_arr: 1.8748e-09  T_req: -2.24486e-09  Tdel: 2.5e-11
Internal Net: #61 ([720]).  Pins on net: 12.

Node: 788  TN_INTERMEDIATE_NODE Block #10 ([831])
Pin: ble6.out[0] pb ([720])
T_arr: 1.8998e-09  T_req: -2.21986e-09  Tdel: 0
Internal Net: #61 ([720]).  Pins on net: 12.

Node: 782  TN_INTERMEDIATE_NODE Block #10 ([831])
Pin: fle.out[0] pb ([720])
T_arr: 1.8998e-09  T_req: -2.21986e-09  Tdel: 0
Internal Net: #61 ([720]).  Pins on net: 12.

Node: 627  TN_CB_OPIN Block #10 ([831])
Pin: clb.O[6] pb ([831])
T_arr: 1.8998e-09  T_req: -2.21986e-09  Tdel: 2.98369e-10
External-to-Block Net: #5 ([720]).  Pins on net: 6.

Node: 307  TN_CB_IPIN Block #2 ([836])
Pin: clb.I[2] pb ([836])
T_arr: 2.19817e-09  T_req: -1.92149e-09  Tdel: 9.5e-11
Internal Net: #61 ([720]).  Pins on net: 12.

Node: 429  TN_INTERMEDIATE_NODE Block #2 ([836])
Pin: fle.in[2] pb ([71])
T_arr: 2.29317e-09  T_req: -1.82649e-09  Tdel: 0
Internal Net: #61 ([720]).  Pins on net: 12.

Node: 436  TN_INTERMEDIATE_NODE Block #2 ([836])
Pin: ble6.in[2] pb ([71])
T_arr: 2.29317e-09  T_req: -1.82649e-09  Tdel: 0
Internal Net: #61 ([720]).  Pins on net: 12.

Node: 443  TN_INTERMEDIATE_NODE Block #2 ([836])
Pin: lut6.in[2] pb ([71])
T_arr: 2.29317e-09  T_req: -1.82649e-09  Tdel: 0
Internal Net: #61 ([720]).  Pins on net: 12.

Node: 450  TN_PRIMITIVE_IPIN Block #2 ([836])
Pin: lut.in[2] pb ([71])
T_arr: 2.29317e-09  T_req: -1.82649e-09  Tdel: 2.61e-10
Internal Net: #61 ([720]).  Pins on net: 12.

Node: 454  TN_PRIMITIVE_OPIN Block #2 ([836])
Pin: lut.out[0] pb ([71])
T_arr: 2.55417e-09  T_req: -1.56549e-09  Tdel: 0
Internal Net: #73 ([71]).  Pins on net: 2.

Node: 447  TN_INTERMEDIATE_NODE Block #2 ([836])
Pin: lut6.out[0] pb ([71])
T_arr: 2.55417e-09  T_req: -1.56549e-09  Tdel: 2.5e-11
Internal Net: #73 ([71]).  Pins on net: 2.

Node: 440  TN_INTERMEDIATE_NODE Block #2 ([836])
Pin: ble6.out[0] pb ([71])
T_arr: 2.57917e-09  T_req: -1.54049e-09  Tdel: 0
Internal Net: #73 ([71]).  Pins on net: 2.

Node: 433  TN_INTERMEDIATE_NODE Block #2 ([836])
Pin: fle.out[0] pb ([71])
T_arr: 2.57917e-09  T_req: -1.54049e-09  Tdel: 7.5e-11
Internal Net: #73 ([71]).  Pins on net: 2.

Node: 553  TN_INTERMEDIATE_NODE Block #2 ([836])
Pin: fle.in[2] pb ([836])
T_arr: 2.65417e-09  T_req: -1.46549e-09  Tdel: 0
Internal Net: #73 ([71]).  Pins on net: 2.

Node: 560  TN_INTERMEDIATE_NODE Block #2 ([836])
Pin: ble6.in[2] pb ([836])
T_arr: 2.65417e-09  T_req: -1.46549e-09  Tdel: 0
Internal Net: #73 ([71]).  Pins on net: 2.

Node: 567  TN_INTERMEDIATE_NODE Block #2 ([836])
Pin: lut6.in[2] pb ([836])
T_arr: 2.65417e-09  T_req: -1.46549e-09  Tdel: 0
Internal Net: #73 ([71]).  Pins on net: 2.

Node: 574  TN_PRIMITIVE_IPIN Block #2 ([836])
Pin: lut.in[2] pb ([836])
T_arr: 2.65417e-09  T_req: -1.46549e-09  Tdel: 2.61e-10
Internal Net: #73 ([71]).  Pins on net: 2.

Node: 578  TN_PRIMITIVE_OPIN Block #2 ([836])
Pin: lut.out[0] pb ([836])
T_arr: 2.91517e-09  T_req: -1.20449e-09  Tdel: 0
Internal Net: #24 ([836]).  Pins on net: 4.

Node: 571  TN_INTERMEDIATE_NODE Block #2 ([836])
Pin: lut6.out[0] pb ([836])
T_arr: 2.91517e-09  T_req: -1.20449e-09  Tdel: 2.5e-11
Internal Net: #24 ([836]).  Pins on net: 4.

Node: 564  TN_INTERMEDIATE_NODE Block #2 ([836])
Pin: ble6.out[0] pb ([836])
T_arr: 2.94017e-09  T_req: -1.17949e-09  Tdel: 0
Internal Net: #24 ([836]).  Pins on net: 4.

Node: 557  TN_INTERMEDIATE_NODE Block #2 ([836])
Pin: fle.out[0] pb ([836])
T_arr: 2.94017e-09  T_req: -1.17949e-09  Tdel: 0
Internal Net: #24 ([836]).  Pins on net: 4.

Node: 334  TN_CB_OPIN Block #2 ([836])
Pin: clb.O[9] pb ([836])
T_arr: 2.94017e-09  T_req: -1.17949e-09  Tdel: 1.65339e-10
External-to-Block Net: #14 ([836]).  Pins on net: 3.

Node: 16  TN_CB_IPIN Block #1 (po)
Pin: clb.I[19] pb (po)
T_arr: 3.1055e-09  T_req: -1.01415e-09  Tdel: 9.5e-11
Internal Net: #24 ([836]).  Pins on net: 4.

Node: 252  TN_INTERMEDIATE_NODE Block #1 (po)
Pin: fle.in[2] pb ([864])
T_arr: 3.2005e-09  T_req: -9.19148e-10  Tdel: 0
Internal Net: #24 ([836]).  Pins on net: 4.

Node: 259  TN_INTERMEDIATE_NODE Block #1 (po)
Pin: ble6.in[2] pb ([864])
T_arr: 3.2005e-09  T_req: -9.19148e-10  Tdel: 0
Internal Net: #24 ([836]).  Pins on net: 4.

Node: 266  TN_INTERMEDIATE_NODE Block #1 (po)
Pin: lut6.in[2] pb ([864])
T_arr: 3.2005e-09  T_req: -9.19148e-10  Tdel: 0
Internal Net: #24 ([836]).  Pins on net: 4.

Node: 273  TN_PRIMITIVE_IPIN Block #1 (po)
Pin: lut.in[2] pb ([864])
T_arr: 3.2005e-09  T_req: -9.19148e-10  Tdel: 2.61e-10
Internal Net: #24 ([836]).  Pins on net: 4.

Node: 277  TN_PRIMITIVE_OPIN Block #1 (po)
Pin: lut.out[0] pb ([864])
T_arr: 3.4615e-09  T_req: -6.58148e-10  Tdel: 0
Internal Net: #28 ([864]).  Pins on net: 2.

Node: 270  TN_INTERMEDIATE_NODE Block #1 (po)
Pin: lut6.out[0] pb ([864])
T_arr: 3.4615e-09  T_req: -6.58148e-10  Tdel: 2.5e-11
Internal Net: #28 ([864]).  Pins on net: 2.

Node: 263  TN_INTERMEDIATE_NODE Block #1 (po)
Pin: ble6.out[0] pb ([864])
T_arr: 3.4865e-09  T_req: -6.33148e-10  Tdel: 0
Internal Net: #28 ([864]).  Pins on net: 2.

Node: 256  TN_INTERMEDIATE_NODE Block #1 (po)
Pin: fle.out[0] pb ([864])
T_arr: 3.4865e-09  T_req: -6.33148e-10  Tdel: 7.5e-11
Internal Net: #28 ([864]).  Pins on net: 2.

Node: 283  TN_INTERMEDIATE_NODE Block #1 (po)
Pin: fle.in[5] pb (po)
T_arr: 3.5615e-09  T_req: -5.58148e-10  Tdel: 0
Internal Net: #28 ([864]).  Pins on net: 2.

Node: 290  TN_INTERMEDIATE_NODE Block #1 (po)
Pin: ble6.in[5] pb (po)
T_arr: 3.5615e-09  T_req: -5.58148e-10  Tdel: 0
Internal Net: #28 ([864]).  Pins on net: 2.

Node: 297  TN_INTERMEDIATE_NODE Block #1 (po)
Pin: lut6.in[5] pb (po)
T_arr: 3.5615e-09  T_req: -5.58148e-10  Tdel: 0
Internal Net: #28 ([864]).  Pins on net: 2.

Node: 304  TN_PRIMITIVE_IPIN Block #1 (po)
Pin: lut.in[5] pb (po)
T_arr: 3.5615e-09  T_req: -5.58148e-10  Tdel: 2.61e-10
Internal Net: #28 ([864]).  Pins on net: 2.

Node: 305  TN_PRIMITIVE_OPIN Block #1 (po)
Pin: lut.out[0] pb (po)
T_arr: 3.8225e-09  T_req: -2.97148e-10  Tdel: 0
Internal Net: #15 (po).  Pins on net: 2.

Node: 298  TN_INTERMEDIATE_NODE Block #1 (po)
Pin: lut6.out[0] pb (po)
T_arr: 3.8225e-09  T_req: -2.97148e-10  Tdel: 2.5e-11
Internal Net: #15 (po).  Pins on net: 2.

Node: 291  TN_INTERMEDIATE_NODE Block #1 (po)
Pin: ble6.out[0] pb (po)
T_arr: 3.8475e-09  T_req: -2.72148e-10  Tdel: 0
Internal Net: #15 (po).  Pins on net: 2.

Node: 284  TN_INTERMEDIATE_NODE Block #1 (po)
Pin: fle.out[0] pb (po)
T_arr: 3.8475e-09  T_req: -2.72148e-10  Tdel: 0
Internal Net: #15 (po).  Pins on net: 2.

Node: 33  TN_CB_OPIN Block #1 (po)
Pin: clb.O[9] pb (po)
T_arr: 3.8475e-09  T_req: -2.72148e-10  Tdel: 2.58208e-10
External-to-Block Net: #0 (po).  Pins on net: 2.

Node: 0  TN_CB_IPIN Block #0 (out:po)
Pin: io.outpad[0] pb (out:po)
T_arr: 4.10571e-09  T_req: -1.394e-11  Tdel: 1.394e-11
Internal Net: #15 (po).  Pins on net: 2.

Node: 1  TN_OUTPAD_IPIN Block #0 (out:po)
Pin: outpad.outpad[0] pb (out:po)
T_arr: 4.11965e-09  T_req: 0  Tdel: 0
Internal Net: #15 (po).  Pins on net: 2.

Node: 2  TN_OUTPAD_SINK Block #0 (out:po)
Pin: outpad.outpad[0] pb (out:po)T_arr: 4.11965e-09  T_req: 0  
Internal Net: #15 (po).  Pins on net: 2.


Tnodes on critical path: 72  Non-global nets on critical path: 6.
Global nets on critical path: 0.
Total logic delay: 2.68337e-09 (s)  Total net delay: 1.43628e-09 (s)
